<?xml version="1.0" encoding="UTF-8"?>
<!-- Generated by org.testng.reporters.JUnitReportReporter -->
<testsuite hostname="AslamBasha" failures="0" tests="2" name="com.QA.CaseStudy1.Scenario2.FlipkartScenario" time="2.304" errors="0" timestamp="2023-06-10T09:13:18 IST" skipped="0">
  <testcase classname="com.QA.CaseStudy1.Scenario2.FlipkartScenario" name="verifyFlipkartLogoOnHomePage" time="0.142"/>
  <system-out/>
  <testcase classname="com.QA.CaseStudy1.Scenario2.FlipkartScenario" name="searchAndVerifyFirstItem" time="2.162"/>
  <system-out/>
</testsuite> <!-- com.QA.CaseStudy1.Scenario2.FlipkartScenario -->
