<?xml version="1.0" encoding="UTF-8"?>
<!-- Generated by org.testng.reporters.JUnitReportReporter -->
<testsuite hostname="AslamBasha" failures="0" tests="3" name="com.QA.CaseStudy4.AutomationPandaScenario" time="11.848" errors="0" timestamp="2023-06-10T09:14:00 IST" skipped="0">
  <testcase classname="com.QA.CaseStudy4.AutomationPandaScenario" name="verifyTitleOnAutomationPanda" time="0.047"/>
  <system-out/>
  <testcase classname="com.QA.CaseStudy4.AutomationPandaScenario" name="verifyContactPage" time="6.179"/>
  <system-out/>
  <testcase classname="com.QA.CaseStudy4.AutomationPandaScenario" name="fillContactFormAndVerifyMessageSent" time="5.622"/>
  <system-out/>
</testsuite> <!-- com.QA.CaseStudy4.AutomationPandaScenario -->
