<?xml version="1.0" encoding="UTF-8"?>
<!-- Generated by org.testng.reporters.JUnitReportReporter -->
<testsuite hostname="AslamBasha" failures="0" tests="3" name="com.QA.CaseStudy1.Scenario1.AutomationPandaScenario" time="12.469" errors="0" timestamp="2023-06-10T09:12:50 IST" skipped="0">
  <testcase classname="com.QA.CaseStudy1.Scenario1.AutomationPandaScenario" name="verifyTitleOnAutomationPanda" time="0.025"/>
  <system-out/>
  <testcase classname="com.QA.CaseStudy1.Scenario1.AutomationPandaScenario" name="verifyContactPage" time="7.180"/>
  <system-out/>
  <testcase classname="com.QA.CaseStudy1.Scenario1.AutomationPandaScenario" name="fillContactFormAndVerifyMessageSent" time="5.264"/>
  <system-out/>
</testsuite> <!-- com.QA.CaseStudy1.Scenario1.AutomationPandaScenario -->
